This is pdfTeX, Version 3.14159265-2.6-1.40.20 (MiKTeX 2.9.7000 64-bit) (preloaded format=pdflatex 2019.4.27)  31 MAY 2020 18:11
entering extended mode
**./EnsambladorArt√≠culo.tex
(EnsambladorArt√≠culo.tex
LaTeX2e <2018-12-01>
("C:\Users\Elias\Documents\MiKTeX 2.9\tex/latex/base\article.cls"
Document Class: article 2018/09/03 v1.4i Standard LaTeX document class
("C:\Users\Elias\Documents\MiKTeX 2.9\tex/latex/base\size11.clo"
File: size11.clo 2018/09/03 v1.4i Standard LaTeX file (size option)
)
\c@part=\count80
\c@section=\count81
\c@subsection=\count82
\c@subsubsection=\count83
\c@paragraph=\count84
\c@subparagraph=\count85
\c@figure=\count86
\c@table=\count87
\abovecaptionskip=\skip41
\belowcaptionskip=\skip42
\bibindent=\dimen102
)
(PreambuloArticulo.tex
("C:\Users\Elias\Documents\MiKTeX 2.9\tex/latex/geometry\geometry.sty"
Package: geometry 2018/04/16 v5.8 Page Geometry

("C:\Users\Elias\Documents\MiKTeX 2.9\tex/latex/graphics\keyval.sty"
Package: keyval 2014/10/28 v1.15 key=value parser (DPC)
\KV@toks@=\toks14
)
("C:\Users\Elias\Documents\MiKTeX 2.9\tex/generic/oberdiek\ifpdf.sty"
Package: ifpdf 2018/09/07 v3.3 Provides the ifpdf switch
)
("C:\Users\Elias\Documents\MiKTeX 2.9\tex/generic/oberdiek\ifvtex.sty"
Package: ifvtex 2016/05/16 v1.6 Detect VTeX and its facilities (HO)
Package ifvtex Info: VTeX not detected.
)
("C:\Users\Elias\Documents\MiKTeX 2.9\tex/generic/ifxetex\ifxetex.sty"
Package: ifxetex 2010/09/12 v0.6 Provides ifxetex conditional
)
\Gm@cnth=\count88
\Gm@cntv=\count89
\c@Gm@tempcnt=\count90
\Gm@bindingoffset=\dimen103
\Gm@wd@mp=\dimen104
\Gm@odd@mp=\dimen105
\Gm@even@mp=\dimen106
\Gm@layoutwidth=\dimen107
\Gm@layoutheight=\dimen108
\Gm@layouthoffset=\dimen109
\Gm@layoutvoffset=\dimen110
\Gm@dimlist=\toks15

("C:\Users\Elias\Documents\MiKTeX 2.9\tex/latex/geometry\geometry.cfg"))
("C:\Users\Elias\Documents\MiKTeX 2.9\tex/latex/base\fontenc.sty"
Package: fontenc 2018/08/11 v2.0j Standard LaTeX package

("C:\Users\Elias\Documents\MiKTeX 2.9\tex/latex/base\t1enc.def"
File: t1enc.def 2018/08/11 v2.0j Standard LaTeX file
LaTeX Font Info:    Redeclaring font encoding T1 on input line 48.
))
("C:\Users\Elias\Documents\MiKTeX 2.9\tex/latex/base\inputenc.sty"
Package: inputenc 2018/08/11 v1.3c Input encoding file
\inpenc@prehook=\toks16
\inpenc@posthook=\toks17
)
("C:\Users\Elias\Documents\MiKTeX 2.9\tex/generic/babel\babel.sty"
Package: babel 2019/04/01 3.28 The Babel package

("C:\Users\Elias\Documents\MiKTeX 2.9\tex/generic/babel\switch.def"
File: switch.def 2019/04/01 3.28 Babel switching mechanism
)
*************************************
* Local config file bblopts.cfg used
*
("C:\Users\Elias\Documents\MiKTeX 2.9\tex/latex/arabi\bblopts.cfg"
File: bblopts.cfg 2005/09/08 v0.1 add Arabic and Farsi to "declared" options of
 babel
)
("C:\Users\Elias\Documents\MiKTeX 2.9\tex/latex/babel-spanish\spanish.ldf"
Language: spanish.ldf 2016/03/03 v5.0p Spanish support from the babel system

("C:\Users\Elias\Documents\MiKTeX 2.9\tex/generic/babel\babel.def"
File: babel.def 2019/04/01 3.28 Babel common definitions
\babel@savecnt=\count91
\U@D=\dimen111

("C:\Users\Elias\Documents\MiKTeX 2.9\tex/generic/babel\txtbabel.def")
\bbl@dirlevel=\count92
)
\es@quottoks=\toks18
\es@quotdepth=\count93
Package babel Info: Making " an active character on input line 561.
Package babel Info: Making . an active character on input line 662.
Package babel Info: Making < an active character on input line 707.
Package babel Info: Making > an active character on input line 707.
))
("C:\Users\Elias\Documents\MiKTeX 2.9\tex/latex/setspace\setspace.sty"
Package: setspace 2011/12/19 v6.7a set line spacing
)
("C:\Users\Elias\Documents\MiKTeX 2.9\tex/latex/pdfpages\pdfpages.sty"
Package: pdfpages 2017/10/31 v0.5l Insert pages of external PDF documents (AM)

("C:\Users\Elias\Documents\MiKTeX 2.9\tex/latex/base\ifthen.sty"
Package: ifthen 2014/09/29 v1.1c Standard LaTeX ifthen package (DPC)
)
("C:\Users\Elias\Documents\MiKTeX 2.9\tex/latex/tools\calc.sty"
Package: calc 2017/05/25 v4.3 Infix arithmetic (KKT,FJ)
\calc@Acount=\count94
\calc@Bcount=\count95
\calc@Adimen=\dimen112
\calc@Bdimen=\dimen113
\calc@Askip=\skip43
\calc@Bskip=\skip44
LaTeX Info: Redefining \setlength on input line 80.
LaTeX Info: Redefining \addtolength on input line 81.
\calc@Ccount=\count96
\calc@Cskip=\skip45
)
("C:\Users\Elias\Documents\MiKTeX 2.9\tex/latex/eso-pic\eso-pic.sty"
Package: eso-pic 2018/04/12 v2.0h eso-pic (RN)

("C:\Users\Elias\Documents\MiKTeX 2.9\tex/generic/oberdiek\atbegshi.sty"
Package: atbegshi 2016/06/09 v1.18 At begin shipout hook (HO)

("C:\Users\Elias\Documents\MiKTeX 2.9\tex/generic/oberdiek\infwarerr.sty"
Package: infwarerr 2016/05/16 v1.4 Providing info/warning/error messages (HO)
)
("C:\Users\Elias\Documents\MiKTeX 2.9\tex/generic/oberdiek\ltxcmds.sty"
Package: ltxcmds 2016/05/16 v1.23 LaTeX kernel commands for general use (HO)
))
("C:\Users\Elias\Documents\MiKTeX 2.9\tex/latex/xcolor\xcolor.sty"
Package: xcolor 2016/05/11 v2.12 LaTeX color extensions (UK)

("C:\Users\Elias\Documents\MiKTeX 2.9\tex/latex/graphics-cfg\color.cfg"
File: color.cfg 2016/01/02 v1.6 sample color configuration
)
Package xcolor Info: Driver file: pdftex.def on input line 225.

("C:\Users\Elias\Documents\MiKTeX 2.9\tex/latex/graphics-def\pdftex.def"
File: pdftex.def 2018/01/08 v1.0l Graphics/color driver for pdftex
)
Package xcolor Info: Model `cmy' substituted by `cmy0' on input line 1348.
Package xcolor Info: Model `hsb' substituted by `rgb' on input line 1352.
Package xcolor Info: Model `RGB' extended on input line 1364.
Package xcolor Info: Model `HTML' substituted by `rgb' on input line 1366.
Package xcolor Info: Model `Hsb' substituted by `hsb' on input line 1367.
Package xcolor Info: Model `tHsb' substituted by `hsb' on input line 1368.
Package xcolor Info: Model `HSB' substituted by `hsb' on input line 1369.
Package xcolor Info: Model `Gray' substituted by `gray' on input line 1370.
Package xcolor Info: Model `wave' substituted by `hsb' on input line 1371.
))
("C:\Users\Elias\Documents\MiKTeX 2.9\tex/latex/graphics\graphicx.sty"
Package: graphicx 2017/06/01 v1.1a Enhanced LaTeX Graphics (DPC,SPQR)

("C:\Users\Elias\Documents\MiKTeX 2.9\tex/latex/graphics\graphics.sty"
Package: graphics 2017/06/25 v1.2c Standard LaTeX Graphics (DPC,SPQR)

("C:\Users\Elias\Documents\MiKTeX 2.9\tex/latex/graphics\trig.sty"
Package: trig 2016/01/03 v1.10 sin cos tan (DPC)
)
("C:\Users\Elias\Documents\MiKTeX 2.9\tex/latex/graphics-cfg\graphics.cfg"
File: graphics.cfg 2016/06/04 v1.11 sample graphics configuration
)
Package graphics Info: Driver file: pdftex.def on input line 99.
)
\Gin@req@height=\dimen114
\Gin@req@width=\dimen115
)
\AM@pagewidth=\dimen116
\AM@pageheight=\dimen117

("C:\Users\Elias\Documents\MiKTeX 2.9\tex/latex/pdfpages\pppdftex.def"
File: pppdftex.def 2017/10/31 v0.5l Pdfpages driver for pdfTeX (AM)
)
\AM@pagebox=\box27
\AM@global@opts=\toks19
\AM@toc@title=\toks20
\c@AM@survey=\count97
\AM@templatesizebox=\box28
)
("C:\Users\Elias\Documents\MiKTeX 2.9\tex/latex/hyphenat\hyphenat.sty"
Package: hyphenat 2009/09/02 v2.3c hyphenation utilities
\langwohyphens=\language83
LaTeX Info: Redefining \_ on input line 43.
)
("C:\Users\Elias\Documents\MiKTeX 2.9\tex/latex/psnfss\mathptmx.sty"
Package: mathptmx 2005/04/12 PSNFSS-v9.2a Times w/ Math, improved (SPQR, WaS) 
LaTeX Font Info:    Redeclaring symbol font `operators' on input line 28.
LaTeX Font Info:    Overwriting symbol font `operators' in version `normal'
(Font)                  OT1/cmr/m/n --> OT1/ztmcm/m/n on input line 28.
LaTeX Font Info:    Overwriting symbol font `operators' in version `bold'
(Font)                  OT1/cmr/bx/n --> OT1/ztmcm/m/n on input line 28.
LaTeX Font Info:    Redeclaring symbol font `letters' on input line 29.
LaTeX Font Info:    Overwriting symbol font `letters' in version `normal'
(Font)                  OML/cmm/m/it --> OML/ztmcm/m/it on input line 29.
LaTeX Font Info:    Overwriting symbol font `letters' in version `bold'
(Font)                  OML/cmm/b/it --> OML/ztmcm/m/it on input line 29.
LaTeX Font Info:    Redeclaring symbol font `symbols' on input line 30.
LaTeX Font Info:    Overwriting symbol font `symbols' in version `normal'
(Font)                  OMS/cmsy/m/n --> OMS/ztmcm/m/n on input line 30.
LaTeX Font Info:    Overwriting symbol font `symbols' in version `bold'
(Font)                  OMS/cmsy/b/n --> OMS/ztmcm/m/n on input line 30.
LaTeX Font Info:    Redeclaring symbol font `largesymbols' on input line 31.
LaTeX Font Info:    Overwriting symbol font `largesymbols' in version `normal'
(Font)                  OMX/cmex/m/n --> OMX/ztmcm/m/n on input line 31.
LaTeX Font Info:    Overwriting symbol font `largesymbols' in version `bold'
(Font)                  OMX/cmex/m/n --> OMX/ztmcm/m/n on input line 31.
\symbold=\mathgroup4
\symitalic=\mathgroup5
LaTeX Font Info:    Redeclaring math alphabet \mathbf on input line 34.
LaTeX Font Info:    Overwriting math alphabet `\mathbf' in version `normal'
(Font)                  OT1/cmr/bx/n --> OT1/ptm/bx/n on input line 34.
LaTeX Font Info:    Overwriting math alphabet `\mathbf' in version `bold'
(Font)                  OT1/cmr/bx/n --> OT1/ptm/bx/n on input line 34.
LaTeX Font Info:    Redeclaring math alphabet \mathit on input line 35.
LaTeX Font Info:    Overwriting math alphabet `\mathit' in version `normal'
(Font)                  OT1/cmr/m/it --> OT1/ptm/m/it on input line 35.
LaTeX Font Info:    Overwriting math alphabet `\mathit' in version `bold'
(Font)                  OT1/cmr/bx/it --> OT1/ptm/m/it on input line 35.
LaTeX Info: Redefining \hbar on input line 50.
)
("C:\Users\Elias\Documents\MiKTeX 2.9\tex/latex/tools\afterpage.sty"
Package: afterpage 2014/10/28 v1.08 After-Page Package (DPC)
\AP@output=\toks21
\AP@partial=\box29
\AP@footins=\box30
)
("C:\Users\Elias\Documents\MiKTeX 2.9\tex/latex/ms\ragged2e.sty"
Package: ragged2e 2009/05/21 v2.1 ragged2e Package (MS)

("C:\Users\Elias\Documents\MiKTeX 2.9\tex/latex/ms\everysel.sty"
Package: everysel 2011/10/28 v1.2 EverySelectfont Package (MS)
)
\CenteringLeftskip=\skip46
\RaggedLeftLeftskip=\skip47
\RaggedRightLeftskip=\skip48
\CenteringRightskip=\skip49
\RaggedLeftRightskip=\skip50
\RaggedRightRightskip=\skip51
\CenteringParfillskip=\skip52
\RaggedLeftParfillskip=\skip53
\RaggedRightParfillskip=\skip54
\JustifyingParfillskip=\skip55
\CenteringParindent=\skip56
\RaggedLeftParindent=\skip57
\RaggedRightParindent=\skip58
\JustifyingParindent=\skip59
)
("C:\Users\Elias\Documents\MiKTeX 2.9\tex/latex/amsmath\amsmath.sty"
Package: amsmath 2018/12/01 v2.17b AMS math features
\@mathmargin=\skip60

For additional information on amsmath, use the `?' option.
("C:\Users\Elias\Documents\MiKTeX 2.9\tex/latex/amsmath\amstext.sty"
Package: amstext 2000/06/29 v2.01 AMS text

("C:\Users\Elias\Documents\MiKTeX 2.9\tex/latex/amsmath\amsgen.sty"
File: amsgen.sty 1999/11/30 v2.0 generic functions
\@emptytoks=\toks22
\ex@=\dimen118
))
("C:\Users\Elias\Documents\MiKTeX 2.9\tex/latex/amsmath\amsbsy.sty"
Package: amsbsy 1999/11/29 v1.2d Bold Symbols
\pmbraise@=\dimen119
)
("C:\Users\Elias\Documents\MiKTeX 2.9\tex/latex/amsmath\amsopn.sty"
Package: amsopn 2016/03/08 v2.02 operator names
)
\inf@bad=\count98
LaTeX Info: Redefining \frac on input line 223.
\uproot@=\count99
\leftroot@=\count100
LaTeX Info: Redefining \overline on input line 385.
\classnum@=\count101
\DOTSCASE@=\count102
LaTeX Info: Redefining \ldots on input line 482.
LaTeX Info: Redefining \dots on input line 485.
LaTeX Info: Redefining \cdots on input line 606.
\Mathstrutbox@=\box31
\strutbox@=\box32
\big@size=\dimen120
LaTeX Font Info:    Redeclaring font encoding OML on input line 729.
LaTeX Font Info:    Redeclaring font encoding OMS on input line 730.
\macc@depth=\count103
\c@MaxMatrixCols=\count104
\dotsspace@=\muskip10
\c@parentequation=\count105
\dspbrk@lvl=\count106
\tag@help=\toks23
\row@=\count107
\column@=\count108
\maxfields@=\count109
\andhelp@=\toks24
\eqnshift@=\dimen121
\alignsep@=\dimen122
\tagshift@=\dimen123
\tagwidth@=\dimen124
\totwidth@=\dimen125
\lineht@=\dimen126
\@envbody=\toks25
\multlinegap=\skip61
\multlinetaggap=\skip62
\mathdisplay@stack=\toks26
LaTeX Info: Redefining \[ on input line 2844.
LaTeX Info: Redefining \] on input line 2845.
)
("C:\Users\Elias\Documents\MiKTeX 2.9\tex/latex/amsfonts\amssymb.sty"
Package: amssymb 2013/01/14 v3.01 AMS font symbols

("C:\Users\Elias\Documents\MiKTeX 2.9\tex/latex/amsfonts\amsfonts.sty"
Package: amsfonts 2013/01/14 v3.01 Basic AMSFonts support
\symAMSa=\mathgroup6
\symAMSb=\mathgroup7
LaTeX Font Info:    Overwriting math alphabet `\mathfrak' in version `bold'
(Font)                  U/euf/m/n --> U/euf/b/n on input line 106.
))
("C:\Users\Elias\Documents\MiKTeX 2.9\tex/latex/base\latexsym.sty"
Package: latexsym 1998/08/17 v2.2e Standard LaTeX package (lasy symbols)
\symlasy=\mathgroup8
LaTeX Font Info:    Overwriting symbol font `lasy' in version `bold'
(Font)                  U/lasy/m/n --> U/lasy/b/n on input line 52.
)
("C:\Users\Elias\Documents\MiKTeX 2.9\tex/latex/cancel\cancel.sty"
Package: cancel 2013/04/12 v2.2 Cancel math terms
)
("C:\Users\Elias\Documents\MiKTeX 2.9\tex/latex/tools\array.sty"
Package: array 2018/12/30 v2.4k Tabular extension package (FMi)
\col@sep=\dimen127
\ar@mcellbox=\box33
\extrarowheight=\dimen128
\NC@list=\toks27
\extratabsurround=\skip63
\backup@length=\skip64
\ar@cellbox=\box34
)
("C:\Users\Elias\Documents\MiKTeX 2.9\tex/latex/tools\longtable.sty"
Package: longtable 2014/10/28 v4.11 Multi-page Table package (DPC)+ FMi change
\LTleft=\skip65
\LTright=\skip66
\LTpre=\skip67
\LTpost=\skip68
\LTchunksize=\count110
\LTcapwidth=\dimen129
\LT@head=\box35
\LT@firsthead=\box36
\LT@foot=\box37
\LT@lastfoot=\box38
\LT@cols=\count111
\LT@rows=\count112
\c@LT@tables=\count113
\c@LT@chunks=\count114
\LT@p@ftn=\toks28
)
("C:\Users\Elias\Documents\MiKTeX 2.9\tex/latex/multirow\multirow.sty"
Package: multirow 2019/01/01 v2.4 Span multiple rows of a table
\multirow@colwidth=\skip69
\multirow@cntb=\count115
\multirow@dima=\skip70
\bigstrutjot=\dimen130
)
("C:\Users\Elias\Documents\MiKTeX 2.9\tex/latex/booktabs\booktabs.sty"
Package: booktabs 2005/04/14 v1.61803 publication quality tables
\heavyrulewidth=\dimen131
\lightrulewidth=\dimen132
\cmidrulewidth=\dimen133
\belowrulesep=\dimen134
\belowbottomsep=\dimen135
\aboverulesep=\dimen136
\abovetopsep=\dimen137
\cmidrulesep=\dimen138
\cmidrulekern=\dimen139
\defaultaddspace=\dimen140
\@cmidla=\count116
\@cmidlb=\count117
\@aboverulesep=\dimen141
\@belowrulesep=\dimen142
\@thisruleclass=\count118
\@lastruleclass=\count119
\@thisrulewidth=\dimen143
)
("C:\Users\Elias\Documents\MiKTeX 2.9\tex/latex/tools\bm.sty"
Package: bm 2017/01/16 v1.2c Bold Symbol Support (DPC/FMi)
\symboldlasy=\mathgroup9
LaTeX Info: Redefining \bm on input line 207.
)
("C:\Users\Elias\Documents\MiKTeX 2.9\tex/latex/float\float.sty"
Package: float 2001/11/08 v1.3d Float enhancements (AL)
\c@float@type=\count120
\float@exts=\toks29
\float@box=\box39
\@float@everytoks=\toks30
\@floatcapt=\box40
)
("C:\Users\Elias\Documents\MiKTeX 2.9\tex/latex/fancyhdr\fancyhdr.sty"
Package: fancyhdr 2019/01/31 v3.10 Extensive control of page headers and footer
s
\f@nch@headwidth=\skip71
\f@nch@O@elh=\skip72
\f@nch@O@erh=\skip73
\f@nch@O@olh=\skip74
\f@nch@O@orh=\skip75
\f@nch@O@elf=\skip76
\f@nch@O@erf=\skip77
\f@nch@O@olf=\skip78
\f@nch@O@orf=\skip79
)
("C:\Users\Elias\Documents\MiKTeX 2.9\tex/latex/oberdiek\epstopdf.sty"
Package: epstopdf 2016/05/15 v2.6 Conversion with epstopdf on the fly (HO)

("C:\Users\Elias\Documents\MiKTeX 2.9\tex/latex/oberdiek\epstopdf-base.sty"
Package: epstopdf-base 2016/05/15 v2.6 Base part for package epstopdf

("C:\Users\Elias\Documents\MiKTeX 2.9\tex/latex/oberdiek\grfext.sty"
Package: grfext 2016/05/16 v1.2 Manage graphics extensions (HO)

("C:\Users\Elias\Documents\MiKTeX 2.9\tex/generic/oberdiek\kvdefinekeys.sty"
Package: kvdefinekeys 2016/05/16 v1.4 Define keys (HO)
))
("C:\Users\Elias\Documents\MiKTeX 2.9\tex/latex/oberdiek\kvoptions.sty"
Package: kvoptions 2016/05/16 v3.12 Key value format for package options (HO)

("C:\Users\Elias\Documents\MiKTeX 2.9\tex/generic/oberdiek\kvsetkeys.sty"
Package: kvsetkeys 2016/05/16 v1.17 Key value parser (HO)

("C:\Users\Elias\Documents\MiKTeX 2.9\tex/generic/oberdiek\etexcmds.sty"
Package: etexcmds 2016/05/16 v1.6 Avoid name clashes with e-TeX commands (HO)

("C:\Users\Elias\Documents\MiKTeX 2.9\tex/generic/oberdiek\ifluatex.sty"
Package: ifluatex 2016/05/16 v1.4 Provides the ifluatex switch (HO)
Package ifluatex Info: LuaTeX not detected.
))))
("C:\Users\Elias\Documents\MiKTeX 2.9\tex/generic/oberdiek\pdftexcmds.sty"
Package: pdftexcmds 2018/09/10 v0.29 Utility functions of pdfTeX for LuaTeX (HO
)
Package pdftexcmds Info: LuaTeX not detected.
Package pdftexcmds Info: \pdf@primitive is available.
Package pdftexcmds Info: \pdf@ifprimitive is available.
Package pdftexcmds Info: \pdfdraftmode found.
)
Package epstopdf-base Info: Redefining graphics rule for `.eps' on input line 4
38.
Package grfext Info: Graphics extension search list:
(grfext)             [.pdf,.png,.jpg,.mps,.jpeg,.jbig2,.jb2,.PDF,.PNG,.JPG,.JPE
G,.JBIG2,.JB2,.eps]
(grfext)             \AppendGraphicsExtensions on input line 456.
))
("C:\Users\Elias\Documents\MiKTeX 2.9\tex/latex/hyperref\hyperref.sty"
Package: hyperref 2018/11/30 v6.88e Hypertext links for LaTeX

("C:\Users\Elias\Documents\MiKTeX 2.9\tex/generic/oberdiek\hobsub-hyperref.sty"
Package: hobsub-hyperref 2016/05/16 v1.14 Bundle oberdiek, subset hyperref (HO)

("C:\Users\Elias\Documents\MiKTeX 2.9\tex/generic/oberdiek\hobsub-generic.sty"
Package: hobsub-generic 2016/05/16 v1.14 Bundle oberdiek, subset generic (HO)
Package: hobsub 2016/05/16 v1.14 Construct package bundles (HO)
Package hobsub Info: Skipping package `infwarerr' (already loaded).
Package hobsub Info: Skipping package `ltxcmds' (already loaded).
Package hobsub Info: Skipping package `ifluatex' (already loaded).
Package hobsub Info: Skipping package `ifvtex' (already loaded).
Package: intcalc 2016/05/16 v1.2 Expandable calculations with integers (HO)
Package hobsub Info: Skipping package `ifpdf' (already loaded).
Package hobsub Info: Skipping package `etexcmds' (already loaded).
Package hobsub Info: Skipping package `kvsetkeys' (already loaded).
Package hobsub Info: Skipping package `kvdefinekeys' (already loaded).
Package hobsub Info: Skipping package `pdftexcmds' (already loaded).
Package: pdfescape 2016/05/16 v1.14 Implements pdfTeX's escape features (HO)
Package: bigintcalc 2016/05/16 v1.4 Expandable calculations on big integers (HO
)
Package: bitset 2016/05/16 v1.2 Handle bit-vector datatype (HO)
Package: uniquecounter 2016/05/16 v1.3 Provide unlimited unique counter (HO)
)
Package hobsub Info: Skipping package `hobsub' (already loaded).
Package: letltxmacro 2016/05/16 v1.5 Let assignment for LaTeX macros (HO)
Package: hopatch 2016/05/16 v1.3 Wrapper for package hooks (HO)
Package: xcolor-patch 2016/05/16 xcolor patch
Package: atveryend 2016/05/16 v1.9 Hooks at the very end of document (HO)
Package atveryend Info: \AP@enddocument detected (standard20110627).
Package hobsub Info: Skipping package `atbegshi' (already loaded).
Package: refcount 2016/05/16 v3.5 Data extraction from label references (HO)
Package: hycolor 2016/05/16 v1.8 Color options for hyperref/bookmark (HO)
) ("C:\Users\Elias\Documents\MiKTeX 2.9\tex/latex/oberdiek\auxhook.sty"
Package: auxhook 2016/05/16 v1.4 Hooks for auxiliary files (HO)
)
\@linkdim=\dimen144
\Hy@linkcounter=\count121
\Hy@pagecounter=\count122

("C:\Users\Elias\Documents\MiKTeX 2.9\tex/latex/hyperref\pd1enc.def"
File: pd1enc.def 2018/11/30 v6.88e Hyperref: PDFDocEncoding definition (HO)
Now handling font encoding PD1 ...
... no UTF-8 mapping file for font encoding PD1
)
\Hy@SavedSpaceFactor=\count123

("C:\Users\Elias\Documents\MiKTeX 2.9\tex/latex/00miktex\hyperref.cfg"
File: hyperref.cfg 2002/06/06 v1.2 hyperref configuration of TeXLive
)
Package hyperref Info: Option `colorlinks' set `true' on input line 4393.
Package hyperref Info: Hyper figures OFF on input line 4519.
Package hyperref Info: Link nesting OFF on input line 4524.
Package hyperref Info: Hyper index ON on input line 4527.
Package hyperref Info: Plain pages OFF on input line 4534.
Package hyperref Info: Backreferencing OFF on input line 4539.
Package hyperref Info: Implicit mode ON; LaTeX internals redefined.
Package hyperref Info: Bookmarks ON on input line 4772.
\c@Hy@tempcnt=\count124

("C:\Users\Elias\Documents\MiKTeX 2.9\tex/latex/url\url.sty"
\Urlmuskip=\muskip11
Package: url 2013/09/16  ver 3.4  Verb mode for urls, etc.
)
LaTeX Info: Redefining \url on input line 5125.
\XeTeXLinkMargin=\dimen145
\Fld@menulength=\count125
\Field@Width=\dimen146
\Fld@charsize=\dimen147
Package hyperref Info: Hyper figures OFF on input line 6380.
Package hyperref Info: Link nesting OFF on input line 6385.
Package hyperref Info: Hyper index ON on input line 6388.
Package hyperref Info: backreferencing OFF on input line 6395.
Package hyperref Info: Link coloring ON on input line 6398.
Package hyperref Info: Link coloring with OCG OFF on input line 6405.
Package hyperref Info: PDF/A mode OFF on input line 6410.
LaTeX Info: Redefining \ref on input line 6450.
LaTeX Info: Redefining \pageref on input line 6454.
\Hy@abspage=\count126
\c@Item=\count127
\c@Hfootnote=\count128
)
Package hyperref Info: Driver (autodetected): hpdftex.

("C:\Users\Elias\Documents\MiKTeX 2.9\tex/latex/hyperref\hpdftex.def"
File: hpdftex.def 2018/11/30 v6.88e Hyperref driver for pdfTeX
\Fld@listcount=\count129
\c@bookmark@seq@number=\count130

("C:\Users\Elias\Documents\MiKTeX 2.9\tex/latex/oberdiek\rerunfilecheck.sty"
Package: rerunfilecheck 2016/05/16 v1.8 Rerun checks for auxiliary files (HO)
Package uniquecounter Info: New unique counter `rerunfilecheck' on input line 2
82.
)
\Hy@SectionHShift=\skip80
)
("C:\Users\Elias\Documents\MiKTeX 2.9\tex/latex/tools\multicol.sty"
Package: multicol 2018/12/27 v1.8v multicolumn formatting (FMi)
\c@tracingmulticols=\count131
\mult@box=\box41
\multicol@leftmargin=\dimen148
\c@unbalance=\count132
\c@collectmore=\count133
\doublecol@number=\count134
\multicoltolerance=\count135
\multicolpretolerance=\count136
\full@width=\dimen149
\page@free=\dimen150
\premulticols=\dimen151
\postmulticols=\dimen152
\multicolsep=\skip81
\multicolbaselineskip=\skip82
\partial@page=\box42
\last@line=\box43
\maxbalancingoverflow=\dimen153
\mult@rightbox=\box44
\mult@grightbox=\box45
\mult@gfirstbox=\box46
\mult@firstbox=\box47
\@tempa=\box48
\@tempa=\box49
\@tempa=\box50
\@tempa=\box51
\@tempa=\box52
\@tempa=\box53
\@tempa=\box54
\@tempa=\box55
\@tempa=\box56
\@tempa=\box57
\@tempa=\box58
\@tempa=\box59
\@tempa=\box60
\@tempa=\box61
\@tempa=\box62
\@tempa=\box63
\@tempa=\box64
\c@columnbadness=\count137
\c@finalcolumnbadness=\count138
\last@try=\dimen154
\multicolovershoot=\dimen155
\multicolundershoot=\dimen156
\mult@nat@firstbox=\box65
\colbreak@box=\box66
\mc@col@check@num=\count139
)
("C:\Users\Elias\Documents\MiKTeX 2.9\tex/latex/subfigure\subfigure.sty"
Package: subfigure 2002/07/30 v2.1.4 subfigure package
\subfigtopskip=\skip83
\subfigcapskip=\skip84
\subfigcaptopadj=\dimen157
\subfigbottomskip=\skip85
\subfigcapmargin=\dimen158
\subfiglabelskip=\skip86
\c@subfigure=\count140
\c@lofdepth=\count141
\c@subtable=\count142
\c@lotdepth=\count143

****************************************
* Local config file subfigure.cfg used *
****************************************
("C:\Users\Elias\Documents\MiKTeX 2.9\tex/latex/subfigure\subfigure.cfg")
\subfig@top=\skip87
\subfig@bottom=\skip88
)
("C:\Users\Elias\Documents\MiKTeX 2.9\tex/latex/titling\titling.sty"
Package: titling 2009/09/04 v2.1d maketitle typesetting
\thanksmarkwidth=\skip89
\thanksmargin=\skip90
\droptitle=\skip91
)
("C:\Users\Elias\Documents\MiKTeX 2.9\tex/latex/titlesec\titlesec.sty"
Package: titlesec 2016/03/21 v2.10.2 Sectioning titles
\ttl@box=\box67
\beforetitleunit=\skip92
\aftertitleunit=\skip93
\ttl@plus=\dimen159
\ttl@minus=\dimen160
\ttl@toksa=\toks31
\titlewidth=\dimen161
\titlewidthlast=\dimen162
\titlewidthfirst=\dimen163
))
(EnsambladorArt√≠culo.aux (Portada/PortadaArt.aux)
LaTeX Info: Redefining \. on input line 24.
LaTeX Info: Redefining \% on input line 24.
 (Apartados/Metodologia.aux))
\openout1 = `EnsambladorArt√≠culo.aux'.

LaTeX Font Info:    Checking defaults for OML/cmm/m/it on input line 9.
LaTeX Font Info:    ... okay on input line 9.
LaTeX Font Info:    Checking defaults for T1/cmr/m/n on input line 9.
LaTeX Font Info:    ... okay on input line 9.
LaTeX Font Info:    Checking defaults for OT1/cmr/m/n on input line 9.
LaTeX Font Info:    ... okay on input line 9.
LaTeX Font Info:    Checking defaults for OMS/cmsy/m/n on input line 9.
LaTeX Font Info:    ... okay on input line 9.
LaTeX Font Info:    Checking defaults for OMX/cmex/m/n on input line 9.
LaTeX Font Info:    ... okay on input line 9.
LaTeX Font Info:    Checking defaults for U/cmr/m/n on input line 9.
LaTeX Font Info:    ... okay on input line 9.
LaTeX Font Info:    Checking defaults for PD1/pdf/m/n on input line 9.
LaTeX Font Info:    ... okay on input line 9.
LaTeX Font Info:    Try loading font information for T1+ptm on input line 9.
("C:\Users\Elias\Documents\MiKTeX 2.9\tex/latex/psnfss\t1ptm.fd"
File: t1ptm.fd 2001/06/04 font definitions for T1/ptm.
)
*geometry* driver: auto-detecting
*geometry* detected driver: pdftex
*geometry* verbose mode - [ preamble ] result:
* driver: pdftex
* paper: letterpaper
* layout: <same size as paper>
* layoutoffset:(h,v)=(0.0pt,0.0pt)
* modes: 
* h-part:(L,W,R)=(71.13188pt, 472.03123pt, 71.13188pt)
* v-part:(T,H,B)=(48.36958pt, 689.6949pt, 56.9055pt)
* \paperwidth=614.295pt
* \paperheight=794.96999pt
* \textwidth=472.03123pt
* \textheight=689.6949pt
* \oddsidemargin=-1.1381pt
* \evensidemargin=-1.1381pt
* \topmargin=-60.9004pt
* \headheight=12.0pt
* \headsep=25.0pt
* \topskip=11.0pt
* \footskip=30.0pt
* \marginparwidth=59.0pt
* \marginparsep=10.0pt
* \columnsep=14.85234pt
* \skip\footins=10.0pt plus 4.0pt minus 2.0pt
* \hoffset=0.0pt
* \voffset=0.0pt
* \mag=1000
* \@twocolumnfalse
* \@twosidefalse
* \@mparswitchfalse
* \@reversemarginfalse
* (1in=72.27pt=25.4mm, 1cm=28.453pt)

LaTeX Info: Redefining \. on input line 9.
LaTeX Info: Redefining \% on input line 9.
\AtBeginShipoutBox=\box68
("C:\Users\Elias\Documents\MiKTeX 2.9\tex/context/base/mkii\supp-pdf.mkii"
[Loading MPS to PDF converter (version 2006.09.02).]
\scratchcounter=\count144
\scratchdimen=\dimen164
\scratchbox=\box69
\nofMPsegments=\count145
\nofMParguments=\count146
\everyMPshowfont=\toks32
\MPscratchCnt=\count147
\MPscratchDim=\dimen165
\MPnumerator=\count148
\makeMPintoPDFobject=\count149
\everyMPtoPDFconversion=\toks33
) ("C:\Users\Elias\Documents\MiKTeX 2.9\tex/latex/oberdiek\pdflscape.sty"
Package: pdflscape 2016/05/14 v0.11 Display of landscape pages in PDF (HO)

("C:\Users\Elias\Documents\MiKTeX 2.9\tex/latex/graphics\lscape.sty"
Package: lscape 2000/10/22 v3.01 Landscape Pages (DPC)
)
Package pdflscape Info: Auto-detected driver: pdftex on input line 81.
)
ABD: EverySelectfont initializing macros
LaTeX Info: Redefining \selectfont on input line 9.
Package hyperref Info: Link coloring ON on input line 9.

("C:\Users\Elias\Documents\MiKTeX 2.9\tex/latex/hyperref\nameref.sty"
Package: nameref 2016/05/21 v2.44 Cross-referencing by name of section

("C:\Users\Elias\Documents\MiKTeX 2.9\tex/generic/oberdiek\gettitlestring.sty"
Package: gettitlestring 2016/05/16 v1.5 Cleanup title references (HO)
)
\c@section@level=\count150
)
LaTeX Info: Redefining \ref on input line 9.
LaTeX Info: Redefining \pageref on input line 9.
LaTeX Info: Redefining \nameref on input line 9.
 (EnsambladorArt√≠culo.out) (EnsambladorArt√≠culo.out)
\@outlinefile=\write3
\openout3 = `EnsambladorArt√≠culo.out'.

\openout2 = `Portada/PortadaArt.aux'.

 (Portada/PortadaArt.tex
LaTeX Font Info:    Try loading font information for OT1+ztmcm on input line 11
.
("C:\Users\Elias\Documents\MiKTeX 2.9\tex/latex/psnfss\ot1ztmcm.fd"
File: ot1ztmcm.fd 2000/01/03 Fontinst v1.801 font definitions for OT1/ztmcm.
)
LaTeX Font Info:    Try loading font information for OML+ztmcm on input line 11
.

("C:\Users\Elias\Documents\MiKTeX 2.9\tex/latex/psnfss\omlztmcm.fd"
File: omlztmcm.fd 2000/01/03 Fontinst v1.801 font definitions for OML/ztmcm.
)
LaTeX Font Info:    Try loading font information for OMS+ztmcm on input line 11
.

("C:\Users\Elias\Documents\MiKTeX 2.9\tex/latex/psnfss\omsztmcm.fd"
File: omsztmcm.fd 2000/01/03 Fontinst v1.801 font definitions for OMS/ztmcm.
)
LaTeX Font Info:    Try loading font information for OMX+ztmcm on input line 11
.

("C:\Users\Elias\Documents\MiKTeX 2.9\tex/latex/psnfss\omxztmcm.fd"
File: omxztmcm.fd 2000/01/03 Fontinst v1.801 font definitions for OMX/ztmcm.
)
LaTeX Font Info:    Try loading font information for OT1+ptm on input line 11.

("C:\Users\Elias\Documents\MiKTeX 2.9\tex/latex/psnfss\ot1ptm.fd"
File: ot1ptm.fd 2001/06/04 font definitions for OT1/ptm.
)
LaTeX Font Info:    Font shape `OT1/ptm/bx/n' in size <12> not available
(Font)              Font shape `OT1/ptm/b/n' tried instead on input line 11.
LaTeX Font Info:    Font shape `OT1/ptm/bx/n' in size <9> not available
(Font)              Font shape `OT1/ptm/b/n' tried instead on input line 11.
LaTeX Font Info:    Font shape `OT1/ptm/bx/n' in size <7> not available
(Font)              Font shape `OT1/ptm/b/n' tried instead on input line 11.
LaTeX Font Info:    Try loading font information for U+lasy on input line 11.

("C:\Users\Elias\Documents\MiKTeX 2.9\tex/latex/base\ulasy.fd"
File: ulasy.fd 1998/08/17 v2.2e LaTeX symbol font definitions
)
LaTeX Font Info:    Font shape `U/lasy/b/n' in size <9> not available
(Font)              Font shape `U/lasy/m/n' tried instead on input line 11.
LaTeX Font Info:    Font shape `U/lasy/b/n' in size <7> not available
(Font)              Font shape `U/lasy/m/n' tried instead on input line 11.


LaTeX Warning: No \author given.

LaTeX Font Info:    Font shape `T1/ptm/bx/n' in size <12> not available
(Font)              Font shape `T1/ptm/b/n' tried instead on input line 11.
<Imagenes/Logo.png, id=67, 289.08pt x 216.81pt>
File: Imagenes/Logo.png Graphic file (type png)
<use Imagenes/Logo.png>
Package pdftex.def Info: Imagenes/Logo.png  used on input line 27.
(pdftex.def)             Requested size: 472.03123pt x 354.04228pt.
LaTeX Font Info:    Font shape `T1/ptm/bx/n' in size <10.95> not available
(Font)              Font shape `T1/ptm/b/n' tried instead on input line 30.
<Imagenes/Licencia.png, id=73, 88.33pt x 31.11626pt>
File: Imagenes/Licencia.png Graphic file (type png)
<use Imagenes/Licencia.png>
Package pdftex.def Info: Imagenes/Licencia.png  used on input line 42.
(pdftex.def)             Requested size: 472.03123pt x 166.31593pt.
LaTeX Font Info:    Font shape `T1/ptm/bx/n' in size <10> not available
(Font)              Font shape `T1/ptm/b/n' tried instead on input line 47.
LaTeX Font Info:    Font shape `T1/ptm/bx/n' in size <9> not available
(Font)              Font shape `T1/ptm/b/n' tried instead on input line 49.
LaTeX Font Info:    Font shape `OT1/ptm/bx/n' in size <5> not available
(Font)              Font shape `OT1/ptm/b/n' tried instead on input line 49.
LaTeX Font Info:    Font shape `U/lasy/b/n' in size <5> not available
(Font)              Font shape `U/lasy/m/n' tried instead on input line 49.

LaTeX Warning: Command \textperthousand invalid in math mode on input line 49.


LaTeX Warning: Command \textperthousand invalid in math mode on input line 49.


LaTeX Warning: Command \textperthousand invalid in math mode on input line 49.


LaTeX Warning: Command \textperthousand invalid in math mode on input line 49.

LaTeX Font Info:    Font shape `T1/ptm/bx/n' in size <14.4> not available
(Font)              Font shape `T1/ptm/b/n' tried instead on input line 56.
LaTeX Font Info:    Font shape `OT1/ptm/bx/n' in size <10.95> not available
(Font)              Font shape `OT1/ptm/b/n' tried instead on input line 58.
LaTeX Font Info:    Font shape `OT1/ptm/bx/n' in size <8> not available
(Font)              Font shape `OT1/ptm/b/n' tried instead on input line 58.
LaTeX Font Info:    Font shape `OT1/ptm/bx/n' in size <6> not available
(Font)              Font shape `OT1/ptm/b/n' tried instead on input line 58.
LaTeX Font Info:    Font shape `U/lasy/b/n' in size <8> not available
(Font)              Font shape `U/lasy/m/n' tried instead on input line 58.
LaTeX Font Info:    Font shape `U/lasy/b/n' in size <6> not available
(Font)              Font shape `U/lasy/m/n' tried instead on input line 58.

LaTeX Warning: Command \textperthousand invalid in math mode on input line 58.

) [1


{C:/Users/Elias/AppData/Local/MiKTeX/2.9/pdftex/config/pdftex.map} <./Imagenes/
Logo.png> <./Imagenes/Licencia.png>]
\openout2 = `Apartados/Metodologia.aux'.

 (Apartados/Metodologia.tex

LaTeX Warning: Command \textperthousand invalid in math mode on input line 8.


LaTeX Warning: Command \textperthousand invalid in math mode on input line 8.

<Imagenes/MapaUSA2.png, id=87, 844.8363pt x 597.432pt>
File: Imagenes/MapaUSA2.png Graphic file (type png)
<use Imagenes/MapaUSA2.png>
Package pdftex.def Info: Imagenes/MapaUSA2.png  used on input line 12.
(pdftex.def)             Requested size: 472.03123pt x 333.80301pt.
LaTeX Font Info:    Font shape `T1/ptm/bx/it' in size <10.95> not available
(Font)              Font shape `T1/ptm/b/it' tried instead on input line 14.

Overfull \hbox (107.60832pt too wide) in paragraph at lines 16--17
 [][] 
 []


LaTeX Warning: Command \textperthousand invalid in math mode on input line 20.


LaTeX Warning: Command \textperthousand invalid in math mode on input line 20.


LaTeX Warning: Command \textperthousand invalid in math mode on input line 20.


Underfull \hbox (badness 10000) in paragraph at lines 20--21

 []

LaTeX Font Info:    Font shape `T1/ptm/bx/n' in size <6> not available
(Font)              Font shape `T1/ptm/b/n' tried instead on input line 21.

Package Fancyhdr Warning: \headheight is too small (12.0pt): 
Make it at least 13.59999pt.
We now make it that large for the rest of the document.
This may cause the page layout to be inconsistent, however.

LaTeX Font Info:    Font shape `T1/ptm/bx/n' in size <8> not available
(Font)              Font shape `T1/ptm/b/n' tried instead on input line 21.
[2


 <./Imagenes/MapaUSA2.png>]

LaTeX Warning: Command \textperthousand invalid in math mode on input line 22.


LaTeX Warning: Command \textperthousand invalid in math mode on input line 22.


LaTeX Warning: Command \textperthousand invalid in math mode on input line 22.


Overfull \hbox (11.68408pt too wide) in paragraph at lines 28--53
 [][] 
 []


LaTeX Warning: Command \textperthousand invalid in math mode on input line 56.


Overfull \hbox (33.50171pt too wide) in paragraph at lines 56--56
[][][][][]\T1/ptm/m/n/9 https://www.bancomundial.org/es/news/press-release/2020
/04/22/world-bank-predicts-sharpest-decline-of-remittances-in-recent-history[][
]| 
 []


LaTeX Warning: Command \textperthousand invalid in math mode on input line 56.


LaTeX Warning: Command \textperthousand invalid in math mode on input line 56.


LaTeX Warning: Command \textperthousand invalid in math mode on input line 56.


LaTeX Warning: Command \textperthousand invalid in math mode on input line 56.


Underfull \hbox (badness 10000) in paragraph at lines 56--57

 []

[3]

LaTeX Warning: Command \textperthousand invalid in math mode on input line 83.


LaTeX Warning: Command \textperthousand invalid in math mode on input line 83.


LaTeX Warning: Command \textperthousand invalid in math mode on input line 83.


LaTeX Warning: Command \textperthousand invalid in math mode on input line 83.


LaTeX Warning: Command \textperthousand invalid in math mode on input line 83.


LaTeX Warning: Command \textperthousand invalid in math mode on input line 83.

<Imagenes/EscenariosUsa.png, id=120, 709.90219pt x 198.7425pt>
File: Imagenes/EscenariosUsa.png Graphic file (type png)
<use Imagenes/EscenariosUsa.png>
Package pdftex.def Info: Imagenes/EscenariosUsa.png  used on input line 89.
(pdftex.def)             Requested size: 472.03123pt x 132.153pt.
LaTeX Font Info:    Font shape `OT1/ptm/bx/n' in size <10> not available
(Font)              Font shape `OT1/ptm/b/n' tried instead on input line 91.
LaTeX Font Info:    Font shape `OT1/ptm/bx/n' in size <7.4> not available
(Font)              Font shape `OT1/ptm/b/n' tried instead on input line 91.
LaTeX Font Info:    Font shape `U/lasy/b/n' in size <7.4> not available
(Font)              Font shape `U/lasy/m/n' tried instead on input line 91.

LaTeX Warning: Command \textperthousand invalid in math mode on input line 91.


LaTeX Warning: Command \textperthousand invalid in math mode on input line 91.


LaTeX Warning: Command \textperthousand invalid in math mode on input line 91.


LaTeX Warning: Command \textperthousand invalid in math mode on input line 91.


LaTeX Warning: Command \textperthousand invalid in math mode on input line 91.


LaTeX Warning: Command \textperthousand invalid in math mode on input line 91.


Underfull \hbox (badness 1629) in paragraph at lines 91--91
[]\T1/ptm/m/n/10.95 Figura 2: []\T1/ptm/b/it/10.95 Escenarios cons-trui-dos pa-
ra es-ti-mar el im-pac-to en la eco-no-mÌa de EE.UU. pa-ra el
 []


Underfull \hbox (badness 2119) in paragraph at lines 91--91
\T1/ptm/m/n/10 des-cri-bir el even-to co-vid y en se-gun-do lu-gar en-con-trar 
el in-gre-dien-te es un en-torno don-de la ac-ti-vi-dad
 []


LaTeX Warning: Command \textperthousand invalid in math mode on input line 97.


LaTeX Warning: Command \textperthousand invalid in math mode on input line 97.

[4 <./Imagenes/EscenariosUsa.png>]

LaTeX Warning: Command \textperthousand invalid in math mode on input line 102.


<Imagenes/PIB_USA.png, id=138, 729.47531pt x 281.55188pt>
File: Imagenes/PIB_USA.png Graphic file (type png)
<use Imagenes/PIB_USA.png>
Package pdftex.def Info: Imagenes/PIB_USA.png  used on input line 107.
(pdftex.def)             Requested size: 472.03123pt x 182.18597pt.

LaTeX Warning: Command \textperthousand invalid in math mode on input line 115.



LaTeX Warning: Command \textperthousand invalid in math mode on input line 115.



LaTeX Warning: Command \textperthousand invalid in math mode on input line 115.



LaTeX Warning: Command \textperthousand invalid in math mode on input line 115.



LaTeX Warning: Command \textperthousand invalid in math mode on input line 115.



LaTeX Warning: Command \textperthousand invalid in math mode on input line 115.



LaTeX Warning: Command \textperthousand invalid in math mode on input line 115.


<Imagenes/Desempleo_USA_G.png, id=145, 761.84625pt x 281.55188pt>
File: Imagenes/Desempleo_USA_G.png Graphic file (type png)
<use Imagenes/Desempleo_USA_G.png>
Package pdftex.def Info: Imagenes/Desempleo_USA_G.png  used on input line 121.
(pdftex.def)             Requested size: 472.03123pt x 174.44435pt.
[5 <./Imagenes/PIB_USA.png>]
<Imagenes/Desempleo_USA.pdf, id=156, 794.97pt x 614.295pt>
File: Imagenes/Desempleo_USA.pdf Graphic file (type pdf)
<use Imagenes/Desempleo_USA.pdf>
Package pdftex.def Info: Imagenes/Desempleo_USA.pdf  used on input line 132.
(pdftex.def)             Requested size: 472.03123pt x 364.76488pt.

Overfull \hbox (11.68431pt too wide) in paragraph at lines 131--135
 [][] 
 []


LaTeX Warning: Command \textperthousand invalid in math mode on input line 140.



LaTeX Warning: Command \textperthousand invalid in math mode on input line 140.



LaTeX Warning: Command \textperthousand invalid in math mode on input line 140.


[6 <./Imagenes/Desempleo_USA_G.png> <./Imagenes/Desempleo_USA.pdf, page is rota
ted 90 degrees>]
<Imagenes/TasaDeLa.png, id=170, 505.89pt x 386.94562pt>
File: Imagenes/TasaDeLa.png Graphic file (type png)
<use Imagenes/TasaDeLa.png>
Package pdftex.def Info: Imagenes/TasaDeLa.png  used on input line 145.
(pdftex.def)             Requested size: 472.03123pt x 361.05428pt.


LaTeX Warning: Command \textperthousand invalid in math mode on input line 148.



LaTeX Warning: Command \textperthousand invalid in math mode on input line 148.



LaTeX Warning: Command \textperthousand invalid in math mode on input line 153.



Overfull \hbox (11.66858pt too wide) in paragraph at lines 160--180
 [][] 
 []

[7 <./Imagenes/TasaDeLa.png>]

LaTeX Warning: Command \textperthousand invalid in math mode on input line 183.



LaTeX Warning: Command \textperthousand invalid in math mode on input line 183.



LaTeX Warning: Command \textperthousand invalid in math mode on input line 183.



LaTeX Warning: Command \textperthousand invalid in math mode on input line 183.



LaTeX Warning: Command \textperthousand invalid in math mode on input line 183.



Overfull \hbox (11.685pt too wide) in paragraph at lines 190--217
 [][] 
 []


Underfull \hbox (badness 10000) in paragraph at lines 226--228

 []

[8]
Underfull \hbox (badness 10000) in paragraph at lines 229--230

 []

[9]
Underfull \hbox (badness 10000) in paragraph at lines 250--251

 []


Underfull \hbox (badness 1354) in paragraph at lines 277--278
[]\T1/ptm/m/n/10.95 Este apar-ta-do to-ma las re-fe-ren-cias de las ci-tas y ma
r-co teÛ-ri-co de [[]] y
 []

[10]
Underfull \hbox (badness 10000) in paragraph at lines 283--287

 []

<Imagenes/Img_02.png, id=220, 352.31625pt x 210.7875pt>
File: Imagenes/Img_02.png Graphic file (type png)
<use Imagenes/Img_02.png>
Package pdftex.def Info: Imagenes/Img_02.png  used on input line 297.
(pdftex.def)             Requested size: 472.03123pt x 282.41197pt.

Underfull \hbox (badness 10000) in paragraph at lines 313--315

 []

[11 <./Imagenes/Img_02.png>]

LaTeX Font Warning: Command \large invalid in math mode on input line 344.


LaTeX Font Warning: Command \large invalid in math mode on input line 349.


LaTeX Font Warning: Command \large invalid in math mode on input line 362.


LaTeX Font Warning: Command \large invalid in math mode on input line 375.


LaTeX Font Warning: Command \large invalid in math mode on input line 379.

[12]
Underfull \hbox (badness 10000) in paragraph at lines 389--398

 []

[13]
<Imagenes/Grafo_08.png, id=250, 710.655pt x 543.53062pt>
File: Imagenes/Grafo_08.png Graphic file (type png)
<use Imagenes/Grafo_08.png>
Package pdftex.def Info: Imagenes/Grafo_08.png  used on input line 433.
(pdftex.def)             Requested size: 472.03123pt x 361.03693pt.
<Imagenes/Grafo_09.png, id=255, 710.655pt x 543.53062pt>
File: Imagenes/Grafo_09.png Graphic file (type png)
<use Imagenes/Grafo_09.png>
Package pdftex.def Info: Imagenes/Grafo_09.png  used on input line 446.
(pdftex.def)             Requested size: 472.03123pt x 361.03693pt.
 [14 <./Imagenes/Grafo_08.png>]
<Imagenes/Grafo_10.png, id=266, 710.655pt x 543.53062pt>
File: Imagenes/Grafo_10.png Graphic file (type png)
<use Imagenes/Grafo_10.png>
Package pdftex.def Info: Imagenes/Grafo_10.png  used on input line 458.
(pdftex.def)             Requested size: 472.03123pt x 361.03693pt.
 [15 <./Imagenes/Grafo_09.png> <./Imagenes/Grafo_10.png>]
<Imagenes/Modelo.jpg, id=276, 436.63126pt x 228.10219pt>
File: Imagenes/Modelo.jpg Graphic file (type jpg)
<use Imagenes/Modelo.jpg>
Package pdftex.def Info: Imagenes/Modelo.jpg  used on input line 471.
(pdftex.def)             Requested size: 472.03123pt x 246.59726pt.


LaTeX Warning: Command \textperthousand invalid in math mode on input line 474.



LaTeX Warning: Command \textperthousand invalid in math mode on input line 474.


<Imagenes/PruebasModelo.png, id=278, 710.655pt x 543.53062pt>
File: Imagenes/PruebasModelo.png Graphic file (type png)
<use Imagenes/PruebasModelo.png>
Package pdftex.def Info: Imagenes/PruebasModelo.png  used on input line 484.
(pdftex.def)             Requested size: 472.03123pt x 361.03693pt.

Overfull \hbox (11.68431pt too wide) in paragraph at lines 483--487
 [][] 
 []

[16 <./Imagenes/Modelo.jpg> <./Imagenes/PruebasModelo.png>]
<Imagenes/Coeficientes.jpg, id=288, 216.05719pt x 45.92157pt>
File: Imagenes/Coeficientes.jpg Graphic file (type jpg)
<use Imagenes/Coeficientes.jpg>
Package pdftex.def Info: Imagenes/Coeficientes.jpg  used on input line 498.
(pdftex.def)             Requested size: 472.03123pt x 100.33894pt.
<Imagenes/Pruebas.jpg, id=289, 363.60844pt x 338.01282pt>
File: Imagenes/Pruebas.jpg Graphic file (type jpg)
<use Imagenes/Pruebas.jpg>
Package pdftex.def Info: Imagenes/Pruebas.jpg  used on input line 510.
(pdftex.def)             Requested size: 472.03123pt x 438.81831pt.

Underfull \hbox (badness 10000) in paragraph at lines 519--520

 []


LaTeX Font Warning: Command \large invalid in math mode on input line 523.


Underfull \hbox (badness 10000) in paragraph at lines 522--531

 []


Underfull \hbox (badness 10000) in paragraph at lines 522--531

 []

[17 <./Imagenes/Coeficientes.jpg> <./Imagenes/Pruebas.jpg>]

LaTeX Warning: Command \textperthousand invalid in math mode on input line 537.



LaTeX Warning: Command \textperthousand invalid in math mode on input line 537.



LaTeX Warning: Command \textperthousand invalid in math mode on input line 537.


<Imagenes/Prediccion.png, id=300, 730.22812pt x 543.53062pt>
File: Imagenes/Prediccion.png Graphic file (type png)
<use Imagenes/Prediccion.png>
Package pdftex.def Info: Imagenes/Prediccion.png  used on input line 542.
(pdftex.def)             Requested size: 472.03123pt x 351.35pt.

LaTeX Warning: Command \textperthousand invalid in math mode on input line 550.



LaTeX Warning: Command \textperthousand invalid in math mode on input line 550.



LaTeX Warning: Command \textperthousand invalid in math mode on input line 550.



LaTeX Warning: Command \textperthousand invalid in math mode on input line 550.


[18 <./Imagenes/Prediccion.png>]

LaTeX Warning: Command \textperthousand invalid in math mode on input line 556.



LaTeX Warning: Command \textperthousand invalid in math mode on input line 556.



LaTeX Warning: Command \textperthousand invalid in math mode on input line 556.



LaTeX Warning: Command \textperthousand invalid in math mode on input line 595.



LaTeX Warning: Command \textperthousand invalid in math mode on input line 595.



LaTeX Warning: Command \textperthousand invalid in math mode on input line 595.



LaTeX Warning: Command \textperthousand invalid in math mode on input line 600.


[19]
Overfull \hbox (11.66258pt too wide) in paragraph at lines 606--666
 [][] 
 []


Overfull \hbox (3.41411pt too wide) in paragraph at lines 606--666
 [] 
 []


LaTeX Warning: Command \textperthousand invalid in math mode on input line 669.



LaTeX Warning: Command \textperthousand invalid in math mode on input line 669.



LaTeX Warning: Command \textperthousand invalid in math mode on input line 669.



LaTeX Warning: Command \textperthousand invalid in math mode on input line 669.



LaTeX Warning: Command \textperthousand invalid in math mode on input line 669.



LaTeX Warning: Command \textperthousand invalid in math mode on input line 669.



LaTeX Warning: Command \textperthousand invalid in math mode on input line 669.



LaTeX Warning: Command \textperthousand invalid in math mode on input line 669.



LaTeX Warning: Command \textperthousand invalid in math mode on input line 669.


[20]
<Imagenes/Incidencia2.png, id=323, 844.8363pt x 597.432pt>
File: Imagenes/Incidencia2.png Graphic file (type png)
<use Imagenes/Incidencia2.png>
Package pdftex.def Info: Imagenes/Incidencia2.png  used on input line 673.
(pdftex.def)             Requested size: 472.03123pt x 333.80301pt.

Overfull \hbox (107.60832pt too wide) in paragraph at lines 677--678
 [][] 
 []


LaTeX Warning: Command \textperthousand invalid in math mode on input line 682.



LaTeX Warning: Command \textperthousand invalid in math mode on input line 682.



LaTeX Warning: Command \textperthousand invalid in math mode on input line 682.



LaTeX Warning: Command \textperthousand invalid in math mode on input line 682.



LaTeX Warning: Command \textperthousand invalid in math mode on input line 682.



LaTeX Warning: Command \textperthousand invalid in math mode on input line 682.



LaTeX Warning: Command \textperthousand invalid in math mode on input line 682.



LaTeX Warning: Command \textperthousand invalid in math mode on input line 682.



LaTeX Warning: Command \textperthousand invalid in math mode on input line 682.



LaTeX Warning: Command \textperthousand invalid in math mode on input line 682.



LaTeX Warning: Command \textperthousand invalid in math mode on input line 682.



LaTeX Warning: Command \textperthousand invalid in math mode on input line 682.



LaTeX Warning: Command \textperthousand invalid in math mode on input line 682.



LaTeX Warning: Command \textperthousand invalid in math mode on input line 682.



LaTeX Warning: Command \textperthousand invalid in math mode on input line 682.



LaTeX Warning: Command \textperthousand invalid in math mode on input line 682.



LaTeX Warning: Command \textperthousand invalid in math mode on input line 682.



LaTeX Warning: Command \textperthousand invalid in math mode on input line 682.



LaTeX Warning: Command \textperthousand invalid in math mode on input line 682.



LaTeX Warning: Command \textperthousand invalid in math mode on input line 682.



LaTeX Warning: Command \textperthousand invalid in math mode on input line 682.


[21 <./Imagenes/Incidencia2.png>]
<Imagenes/Brecha2.png, id=333, 844.8363pt x 597.432pt>
File: Imagenes/Brecha2.png Graphic file (type png)
<use Imagenes/Brecha2.png>
Package pdftex.def Info: Imagenes/Brecha2.png  used on input line 686.
(pdftex.def)             Requested size: 472.03123pt x 333.80301pt.

Overfull \hbox (107.60832pt too wide) in paragraph at lines 690--691
 [][] 
 []


LaTeX Warning: Command \textperthousand invalid in math mode on input line 694.



LaTeX Warning: Command \textperthousand invalid in math mode on input line 694.



LaTeX Warning: Command \textperthousand invalid in math mode on input line 694.



LaTeX Warning: Command \textperthousand invalid in math mode on input line 694.



LaTeX Warning: Command \textperthousand invalid in math mode on input line 694.



LaTeX Warning: Command \textperthousand invalid in math mode on input line 694.



LaTeX Warning: Command \textperthousand invalid in math mode on input line 694.



LaTeX Warning: Command \textperthousand invalid in math mode on input line 694.



LaTeX Warning: Command \textperthousand invalid in math mode on input line 694.



LaTeX Warning: Command \textperthousand invalid in math mode on input line 694.



LaTeX Warning: Command \textperthousand invalid in math mode on input line 694.



LaTeX Warning: Command \textperthousand invalid in math mode on input line 694.



LaTeX Warning: Command \textperthousand invalid in math mode on input line 694.



LaTeX Warning: Command \textperthousand invalid in math mode on input line 694.



LaTeX Warning: Command \textperthousand invalid in math mode on input line 694.



Underfull \hbox (badness 10000) in paragraph at lines 694--695

 []


LaTeX Warning: Command \textperthousand invalid in math mode on input line 701.



Underfull \hbox (badness 10000) in paragraph at lines 701--702

 []

[22 <./Imagenes/Brecha2.png>]
Overfull \hbox (15.18813pt too wide) in paragraph at lines 704--704
[][][][][]\T1/ptm/m/n/9 https://www.lavanguardia.com/economia/20200331/48144124
018/coronavirus-crisis-medidas-estados-unidos-eurozona-bolsa.html[][]| 
 []


Underfull \hbox (badness 10000) in paragraph at lines 704--705

 []


LaTeX Warning: Command \textperthousand invalid in math mode on input line 707.



LaTeX Warning: Command \textperthousand invalid in math mode on input line 707.



LaTeX Warning: Command \textperthousand invalid in math mode on input line 707.



Underfull \hbox (badness 10000) in paragraph at lines 707--708

 []


LaTeX Warning: Command \textperthousand invalid in math mode on input line 709.



Underfull \hbox (badness 10000) in paragraph at lines 709--710

 []


LaTeX Warning: Command \textperthousand invalid in math mode on input line 711.



LaTeX Warning: Command \textperthousand invalid in math mode on input line 711.



LaTeX Warning: Command \textperthousand invalid in math mode on input line 711.



Underfull \hbox (badness 10000) in paragraph at lines 711--712

 []


LaTeX Warning: Command \textperthousand invalid in math mode on input line 713.



LaTeX Warning: Command \textperthousand invalid in math mode on input line 713.



Overfull \hbox (33.50171pt too wide) in paragraph at lines 713--713
[][][][][]\T1/ptm/m/n/9 https://www.bancomundial.org/es/news/press-release/2020
/04/22/world-bank-predicts-sharpest-decline-of-remittances-in-recent-history[][
]| 
 []


LaTeX Warning: Command \textperthousand invalid in math mode on input line 713.



Underfull \hbox (badness 10000) in paragraph at lines 713--714

 []

[23]

LaTeX Warning: Command \textperthousand invalid in math mode on input line 715.



LaTeX Warning: Command \textperthousand invalid in math mode on input line 715.



LaTeX Warning: Command \textperthousand invalid in math mode on input line 715.



Underfull \hbox (badness 10000) in paragraph at lines 715--716

 []


LaTeX Warning: Command \textperthousand invalid in math mode on input line 717.



LaTeX Warning: Command \textperthousand invalid in math mode on input line 717.



LaTeX Warning: Command \textperthousand invalid in math mode on input line 717.



Underfull \hbox (badness 10000) in paragraph at lines 717--718

 []

[24]

LaTeX Warning: Command \textperthousand invalid in math mode on input line 728.



LaTeX Warning: Command \textperthousand invalid in math mode on input line 728.



LaTeX Warning: Command \textperthousand invalid in math mode on input line 729.



LaTeX Warning: Command \textperthousand invalid in math mode on input line 730.


[25]
Underfull \hbox (badness 1558) in paragraph at lines 749--750
[]\T1/ptm/m/n/10.95 La ayu-da es-ta-tal de-be de prio-ri-zar los mu-ni-ci-pios 
m·s po-bres del paÌs, los 50 mu-ni-ci-pios
 []

) [26] (EnsambladorArt√≠culo.bbl)
Package atveryend Info: Empty hook `BeforeClearDocument' on input line 38.
 [27

]
Package atveryend Info: Empty hook `AfterLastShipout' on input line 38.
 (EnsambladorArt√≠culo.aux
(Portada/PortadaArt.aux)
LaTeX Info: Redefining \. on input line 24.
LaTeX Info: Redefining \% on input line 24.
 (Apartados/Metodologia.aux))
Package atveryend Info: Executing hook `AtVeryEndDocument' on input line 38.
Package atveryend Info: Executing hook `AtEndAfterFileList' on input line 38.
Package rerunfilecheck Info: File `EnsambladorArt√≠culo.out' has not changed.
(rerunfilecheck)             Checksum: 3AD247937476DB4AC2AE7F26F4CF6FB7;1237.
Package atveryend Info: Empty hook `AtVeryVeryEnd' on input line 38.
 )
(\end occurred inside a group at level 1)

### semi simple group (level 1) entered at line 11 (\begingroup)
### bottom level 
Here is how much of TeX's memory you used:
 10449 strings out of 492893
 151099 string characters out of 3123581
 329840 words of memory out of 3000000
 13929 multiletter control sequences out of 15000+200000
 101172 words of font info for 175 fonts, out of 3000000 for 9000
 1141 hyphenation exceptions out of 8191
 44i,13n,43p,1980b,6652s stack positions out of 5000i,500n,10000p,200000b,50000s
{C:/Users/Elias/Documents/MiKTeX 2.9/fonts/enc/dvips/base/8r.en
c}<C:/Users/Elias/Documents/MiKTeX 2.9/fonts/type1/public/amsfonts/cm/cmex10.pf
b><C:/Users/Elias/Documents/MiKTeX 2.9/fonts/type1/public/amsfonts/cm/cmmi10.pf
b><C:/Users/Elias/Documents/MiKTeX 2.9/fonts/type1/public/amsfonts/cm/cmr10.pfb
><C:/Users/Elias/Documents/MiKTeX 2.9/fonts/type1/public/amsfonts/cm/cmsy10.pfb
><C:/Users/Elias/Documents/MiKTeX 2.9/fonts/type1/urw/symbol/usyr.pfb><C:/Users
/Elias/Documents/MiKTeX 2.9/fonts/type1/urw/symbol/usyr.pfb><C:/Users/Elias/Doc
uments/MiKTeX 2.9/fonts/type1/urw/times/utmb8a.pfb><C:/Users/Elias/Documents/Mi
KTeX 2.9/fonts/type1/urw/times/utmbi8a.pfb><C:/Users/Elias/Documents/MiKTeX 2.9
/fonts/type1/urw/times/utmr8a.pfb><C:/Users/Elias/Documents/MiKTeX 2.9/fonts/ty
pe1/urw/times/utmri8a.pfb>
Output written on EnsambladorArt√≠culo.pdf (27 pages, 10245494 bytes).
PDF statistics:
 433 PDF objects out of 1000 (max. 8388607)
 100 named destinations out of 1000 (max. 500000)
 224 words of extra memory for PDF output out of 10000 (max. 10000000)

